<?xml version="1.0" encoding="UTF-8"?>
<testng-results ignored="0" total="28" passed="27" failed="1" skipped="0">
  <reporter-output>
  </reporter-output>
  <suite started-at="2024-07-17T07:05:18 IST" name="Opencart App Test Regression Suite" finished-at="2024-07-17T07:06:13 IST" duration-ms="54979">
    <groups>
      <group name="sanity">
        <method signature="ProductInfoPageTest.productImagesCountTest(java.lang.String,java.lang.String,java.lang.String)[pri:2, instance:com.qa.opencart.tests.ProductInfoPageTest@5443d039]" name="productImagesCountTest" class="com.qa.opencart.tests.ProductInfoPageTest"/>
      </group> <!-- sanity -->
    </groups>
    <test started-at="2024-07-17T07:05:18 IST" name="Login Page Test" finished-at="2024-07-17T07:05:27 IST" duration-ms="8674">
      <class name="com.qa.opencart.tests.LoginPageTest">
        <test-method is-config="true" signature="setUp(java.lang.String)[pri:0, instance:com.qa.opencart.tests.LoginPageTest@32c4e8b2]" started-at="2024-07-17T07:05:18 IST" name="setUp" finished-at="2024-07-17T07:05:24 IST" duration-ms="5350" status="PASS">
          <params>
            <param index="0">
              <value>
                <![CDATA[chrome]]>
              </value>
            </param>
          </params>
          <reporter-output>
          </reporter-output>
        </test-method> <!-- setUp -->
        <test-method signature="mytest()[pri:0, instance:com.qa.opencart.tests.LoginPageTest@32c4e8b2]" started-at="2024-07-17T07:05:24 IST" name="mytest" finished-at="2024-07-17T07:05:24 IST" duration-ms="129" status="FAIL">
          <exception class="java.lang.AssertionError">
            <message>
              <![CDATA[expected [false] but found [true]]]>
            </message>
            <full-stacktrace>
              <![CDATA[java.lang.AssertionError: expected [false] but found [true]
at org.testng.Assert.fail(Assert.java:110)
at org.testng.Assert.failNotEquals(Assert.java:1413)
at org.testng.Assert.assertEqualsImpl(Assert.java:149)
at org.testng.Assert.assertEquals(Assert.java:131)
at org.testng.Assert.assertEquals(Assert.java:976)
at org.testng.Assert.assertEquals(Assert.java:1010)
at com.qa.opencart.tests.LoginPageTest.mytest(LoginPageTest.java:64)
at java.base/jdk.internal.reflect.NativeMethodAccessorImpl.invoke0(Native Method)
at java.base/jdk.internal.reflect.NativeMethodAccessorImpl.invoke(NativeMethodAccessorImpl.java:77)
at java.base/jdk.internal.reflect.DelegatingMethodAccessorImpl.invoke(DelegatingMethodAccessorImpl.java:43)
at java.base/java.lang.reflect.Method.invoke(Method.java:568)
at org.testng.internal.invokers.MethodInvocationHelper.invokeMethod(MethodInvocationHelper.java:139)
at org.testng.internal.invokers.TestInvoker.invokeMethod(TestInvoker.java:677)
at org.testng.internal.invokers.TestInvoker.invokeTestMethod(TestInvoker.java:221)
at org.testng.internal.invokers.MethodRunner.runInSequence(MethodRunner.java:50)
at org.testng.internal.invokers.TestInvoker$MethodInvocationAgent.invoke(TestInvoker.java:969)
at org.testng.internal.invokers.TestInvoker.invokeTestMethods(TestInvoker.java:194)
at org.testng.internal.invokers.TestMethodWorker.invokeTestMethods(TestMethodWorker.java:148)
at org.testng.internal.invokers.TestMethodWorker.run(TestMethodWorker.java:128)
at java.base/java.util.ArrayList.forEach(ArrayList.java:1511)
at org.testng.TestRunner.privateRun(TestRunner.java:829)
at org.testng.TestRunner.run(TestRunner.java:602)
at org.testng.SuiteRunner.runTest(SuiteRunner.java:437)
at org.testng.SuiteRunner$SuiteWorker.run(SuiteRunner.java:475)
at org.testng.internal.thread.ThreadUtil.lambda$execute$0(ThreadUtil.java:58)
at java.base/java.util.concurrent.FutureTask.run(FutureTask.java:264)
at java.base/java.util.concurrent.ThreadPoolExecutor.runWorker(ThreadPoolExecutor.java:1136)
at java.base/java.util.concurrent.ThreadPoolExecutor$Worker.run(ThreadPoolExecutor.java:635)
at java.base/java.lang.Thread.run(Thread.java:840)
]]>
            </full-stacktrace>
          </exception> <!-- java.lang.AssertionError -->
          <reporter-output>
          </reporter-output>
        </test-method> <!-- mytest -->
        <test-method signature="loginPageTitleTest()[pri:1, instance:com.qa.opencart.tests.LoginPageTest@32c4e8b2]" started-at="2024-07-17T07:05:24 IST" name="loginPageTitleTest" finished-at="2024-07-17T07:05:25 IST" duration-ms="855" status="PASS">
          <reporter-output>
          </reporter-output>
        </test-method> <!-- loginPageTitleTest -->
        <test-method signature="loginPageURLTest()[pri:2, instance:com.qa.opencart.tests.LoginPageTest@32c4e8b2]" started-at="2024-07-17T07:05:25 IST" name="loginPageURLTest" finished-at="2024-07-17T07:05:25 IST" duration-ms="33" status="PASS">
          <reporter-output>
          </reporter-output>
        </test-method> <!-- loginPageURLTest -->
        <test-method signature="forgotPwdLinkExistTest()[pri:3, instance:com.qa.opencart.tests.LoginPageTest@32c4e8b2]" started-at="2024-07-17T07:05:25 IST" name="forgotPwdLinkExistTest" finished-at="2024-07-17T07:05:25 IST" duration-ms="63" status="PASS">
          <reporter-output>
          </reporter-output>
        </test-method> <!-- forgotPwdLinkExistTest -->
        <test-method signature="loginTest()[pri:4, instance:com.qa.opencart.tests.LoginPageTest@32c4e8b2]" started-at="2024-07-17T07:05:25 IST" name="loginTest" finished-at="2024-07-17T07:05:27 IST" duration-ms="1564" status="PASS">
          <reporter-output>
          </reporter-output>
        </test-method> <!-- loginTest -->
        <test-method is-config="true" signature="tearDown()[pri:0, instance:com.qa.opencart.tests.LoginPageTest@32c4e8b2]" started-at="2024-07-17T07:05:27 IST" name="tearDown" finished-at="2024-07-17T07:05:27 IST" duration-ms="437" status="PASS">
          <reporter-output>
          </reporter-output>
        </test-method> <!-- tearDown -->
      </class> <!-- com.qa.opencart.tests.LoginPageTest -->
    </test> <!-- Login Page Test -->
    <test started-at="2024-07-17T07:05:18 IST" name="Accounts Page Test" finished-at="2024-07-17T07:06:05 IST" duration-ms="46300">
      <class name="com.qa.opencart.tests.AccountsPageTest">
        <test-method is-config="true" signature="setUp(java.lang.String)[pri:0, instance:com.qa.opencart.tests.AccountsPageTest@6ed3f258]" started-at="2024-07-17T07:05:18 IST" name="setUp" finished-at="2024-07-17T07:05:26 IST" duration-ms="7281" status="PASS">
          <params>
            <param index="0">
              <value>
                <![CDATA[chrome]]>
              </value>
            </param>
          </params>
          <reporter-output>
          </reporter-output>
        </test-method> <!-- setUp -->
        <test-method is-config="true" signature="accSetUp()[pri:0, instance:com.qa.opencart.tests.AccountsPageTest@6ed3f258]" started-at="2024-07-17T07:05:26 IST" name="accSetUp" finished-at="2024-07-17T07:05:27 IST" duration-ms="1381" status="PASS">
          <reporter-output>
          </reporter-output>
        </test-method> <!-- accSetUp -->
        <test-method signature="accPageTitleTest()[pri:1, instance:com.qa.opencart.tests.AccountsPageTest@6ed3f258]" started-at="2024-07-17T07:05:27 IST" name="accPageTitleTest" finished-at="2024-07-17T07:05:27 IST" duration-ms="27" status="PASS">
          <reporter-output>
          </reporter-output>
        </test-method> <!-- accPageTitleTest -->
        <test-method signature="accPageURLTest()[pri:2, instance:com.qa.opencart.tests.AccountsPageTest@6ed3f258]" started-at="2024-07-17T07:05:27 IST" name="accPageURLTest" finished-at="2024-07-17T07:05:27 IST" duration-ms="25" status="PASS">
          <reporter-output>
          </reporter-output>
        </test-method> <!-- accPageURLTest -->
        <test-method signature="accPageHeadersTest()[pri:3, instance:com.qa.opencart.tests.AccountsPageTest@6ed3f258]" started-at="2024-07-17T07:05:27 IST" name="accPageHeadersTest" finished-at="2024-07-17T07:05:27 IST" duration-ms="171" status="PASS">
          <reporter-output>
          </reporter-output>
        </test-method> <!-- accPageHeadersTest -->
        <test-method signature="searchTest(java.lang.String,int)[pri:4, instance:com.qa.opencart.tests.AccountsPageTest@6ed3f258]" started-at="2024-07-17T07:05:27 IST" name="searchTest" data-provider="getSearchData" finished-at="2024-07-17T07:05:34 IST" duration-ms="6644" status="PASS">
          <params>
            <param index="0">
              <value>
                <![CDATA[macbook]]>
              </value>
            </param>
            <param index="1">
              <value>
                <![CDATA[3]]>
              </value>
            </param>
          </params>
          <reporter-output>
          </reporter-output>
        </test-method> <!-- searchTest -->
        <test-method signature="searchTest(java.lang.String,int)[pri:4, instance:com.qa.opencart.tests.AccountsPageTest@6ed3f258]" started-at="2024-07-17T07:05:34 IST" name="searchTest" data-provider="getSearchData" finished-at="2024-07-17T07:05:43 IST" duration-ms="8707" status="PASS">
          <params>
            <param index="0">
              <value>
                <![CDATA[imac]]>
              </value>
            </param>
            <param index="1">
              <value>
                <![CDATA[1]]>
              </value>
            </param>
          </params>
          <reporter-output>
          </reporter-output>
        </test-method> <!-- searchTest -->
        <test-method signature="searchTest(java.lang.String,int)[pri:4, instance:com.qa.opencart.tests.AccountsPageTest@6ed3f258]" started-at="2024-07-17T07:05:43 IST" name="searchTest" data-provider="getSearchData" finished-at="2024-07-17T07:05:53 IST" duration-ms="10581" status="PASS">
          <params>
            <param index="0">
              <value>
                <![CDATA[samsung]]>
              </value>
            </param>
            <param index="1">
              <value>
                <![CDATA[2]]>
              </value>
            </param>
          </params>
          <reporter-output>
          </reporter-output>
        </test-method> <!-- searchTest -->
        <test-method signature="searchTest(java.lang.String,int)[pri:4, instance:com.qa.opencart.tests.AccountsPageTest@6ed3f258]" started-at="2024-07-17T07:05:53 IST" name="searchTest" data-provider="getSearchData" finished-at="2024-07-17T07:06:04 IST" duration-ms="10809" status="PASS">
          <params>
            <param index="0">
              <value>
                <![CDATA[Airtel]]>
              </value>
            </param>
            <param index="1">
              <value>
                <![CDATA[0]]>
              </value>
            </param>
          </params>
          <reporter-output>
          </reporter-output>
        </test-method> <!-- searchTest -->
        <test-method is-config="true" signature="tearDown()[pri:0, instance:com.qa.opencart.tests.AccountsPageTest@6ed3f258]" started-at="2024-07-17T07:06:04 IST" name="tearDown" finished-at="2024-07-17T07:06:05 IST" duration-ms="602" status="PASS">
          <reporter-output>
          </reporter-output>
        </test-method> <!-- tearDown -->
      </class> <!-- com.qa.opencart.tests.AccountsPageTest -->
    </test> <!-- Accounts Page Test -->
    <test started-at="2024-07-17T07:05:18 IST" name="Reg Page Test" finished-at="2024-07-17T07:06:12 IST" duration-ms="53896">
      <class name="com.qa.opencart.tests.RegisterPageTest">
        <test-method is-config="true" signature="setUp(java.lang.String)[pri:0, instance:com.qa.opencart.tests.RegisterPageTest@6e4566f1]" started-at="2024-07-17T07:05:18 IST" name="setUp" finished-at="2024-07-17T07:05:25 IST" duration-ms="6376" status="PASS">
          <params>
            <param index="0">
              <value>
                <![CDATA[chrome]]>
              </value>
            </param>
          </params>
          <reporter-output>
          </reporter-output>
        </test-method> <!-- setUp -->
        <test-method is-config="true" signature="regSetup()[pri:0, instance:com.qa.opencart.tests.RegisterPageTest@6e4566f1]" started-at="2024-07-17T07:05:25 IST" name="regSetup" finished-at="2024-07-17T07:05:26 IST" duration-ms="853" status="PASS">
          <reporter-output>
          </reporter-output>
        </test-method> <!-- regSetup -->
        <test-method signature="userRegisterationTest(java.lang.String,java.lang.String,java.lang.String,java.lang.String,java.lang.String)[pri:1, instance:com.qa.opencart.tests.RegisterPageTest@6e4566f1]" started-at="2024-07-17T07:05:27 IST" name="userRegisterationTest" data-provider="userRegTestDataFromSheet" finished-at="2024-07-17T07:05:52 IST" duration-ms="25542" status="PASS">
          <params>
            <param index="0">
              <value>
                <![CDATA[Arti]]>
              </value>
            </param>
            <param index="1">
              <value>
                <![CDATA[automation]]>
              </value>
            </param>
            <param index="2">
              <value>
                <![CDATA[98765456765]]>
              </value>
            </param>
            <param index="3">
              <value>
                <![CDATA[arti@123]]>
              </value>
            </param>
            <param index="4">
              <value>
                <![CDATA[yes]]>
              </value>
            </param>
          </params>
          <reporter-output>
          </reporter-output>
        </test-method> <!-- userRegisterationTest -->
        <test-method signature="userRegisterationTest(java.lang.String,java.lang.String,java.lang.String,java.lang.String,java.lang.String)[pri:1, instance:com.qa.opencart.tests.RegisterPageTest@6e4566f1]" started-at="2024-07-17T07:05:52 IST" name="userRegisterationTest" data-provider="userRegTestDataFromSheet" finished-at="2024-07-17T07:05:59 IST" duration-ms="6932" status="PASS">
          <params>
            <param index="0">
              <value>
                <![CDATA[Praful]]>
              </value>
            </param>
            <param index="1">
              <value>
                <![CDATA[automation]]>
              </value>
            </param>
            <param index="2">
              <value>
                <![CDATA[98765456788]]>
              </value>
            </param>
            <param index="3">
              <value>
                <![CDATA[praful@123]]>
              </value>
            </param>
            <param index="4">
              <value>
                <![CDATA[no]]>
              </value>
            </param>
          </params>
          <reporter-output>
          </reporter-output>
        </test-method> <!-- userRegisterationTest -->
        <test-method signature="userRegisterationTest(java.lang.String,java.lang.String,java.lang.String,java.lang.String,java.lang.String)[pri:1, instance:com.qa.opencart.tests.RegisterPageTest@6e4566f1]" started-at="2024-07-17T07:05:59 IST" name="userRegisterationTest" data-provider="userRegTestDataFromSheet" finished-at="2024-07-17T07:06:03 IST" duration-ms="4185" status="PASS">
          <params>
            <param index="0">
              <value>
                <![CDATA[Madhu]]>
              </value>
            </param>
            <param index="1">
              <value>
                <![CDATA[automation]]>
              </value>
            </param>
            <param index="2">
              <value>
                <![CDATA[99765456788]]>
              </value>
            </param>
            <param index="3">
              <value>
                <![CDATA[madhu@123]]>
              </value>
            </param>
            <param index="4">
              <value>
                <![CDATA[yes]]>
              </value>
            </param>
          </params>
          <reporter-output>
          </reporter-output>
        </test-method> <!-- userRegisterationTest -->
        <test-method signature="userRegisterationTest(java.lang.String,java.lang.String,java.lang.String,java.lang.String,java.lang.String)[pri:1, instance:com.qa.opencart.tests.RegisterPageTest@6e4566f1]" started-at="2024-07-17T07:06:03 IST" name="userRegisterationTest" data-provider="userRegTestDataFromSheet" finished-at="2024-07-17T07:06:08 IST" duration-ms="4276" status="PASS">
          <params>
            <param index="0">
              <value>
                <![CDATA[Tom]]>
              </value>
            </param>
            <param index="1">
              <value>
                <![CDATA[automation]]>
              </value>
            </param>
            <param index="2">
              <value>
                <![CDATA[98765456701]]>
              </value>
            </param>
            <param index="3">
              <value>
                <![CDATA[praful@123]]>
              </value>
            </param>
            <param index="4">
              <value>
                <![CDATA[no]]>
              </value>
            </param>
          </params>
          <reporter-output>
          </reporter-output>
        </test-method> <!-- userRegisterationTest -->
        <test-method signature="userRegisterationTest(java.lang.String,java.lang.String,java.lang.String,java.lang.String,java.lang.String)[pri:1, instance:com.qa.opencart.tests.RegisterPageTest@6e4566f1]" started-at="2024-07-17T07:06:08 IST" name="userRegisterationTest" data-provider="userRegTestDataFromSheet" finished-at="2024-07-17T07:06:12 IST" duration-ms="3926" status="PASS">
          <params>
            <param index="0">
              <value>
                <![CDATA[Peter]]>
              </value>
            </param>
            <param index="1">
              <value>
                <![CDATA[automation]]>
              </value>
            </param>
            <param index="2">
              <value>
                <![CDATA[99765456702]]>
              </value>
            </param>
            <param index="3">
              <value>
                <![CDATA[madhu@123]]>
              </value>
            </param>
            <param index="4">
              <value>
                <![CDATA[yes]]>
              </value>
            </param>
          </params>
          <reporter-output>
          </reporter-output>
        </test-method> <!-- userRegisterationTest -->
        <test-method is-config="true" signature="tearDown()[pri:0, instance:com.qa.opencart.tests.RegisterPageTest@6e4566f1]" started-at="2024-07-17T07:06:12 IST" name="tearDown" finished-at="2024-07-17T07:06:12 IST" duration-ms="607" status="PASS">
          <reporter-output>
          </reporter-output>
        </test-method> <!-- tearDown -->
      </class> <!-- com.qa.opencart.tests.RegisterPageTest -->
    </test> <!-- Reg Page Test -->
    <test started-at="2024-07-17T07:05:18 IST" name="ProductInfo Page Test" finished-at="2024-07-17T07:06:13 IST" duration-ms="54979">
      <class name="com.qa.opencart.tests.ProductInfoPageTest">
        <test-method is-config="true" signature="setUp(java.lang.String)[pri:0, instance:com.qa.opencart.tests.ProductInfoPageTest@5443d039]" started-at="2024-07-17T07:05:18 IST" name="setUp" finished-at="2024-07-17T07:05:24 IST" duration-ms="5756" status="PASS">
          <params>
            <param index="0">
              <value>
                <![CDATA[chrome]]>
              </value>
            </param>
          </params>
          <reporter-output>
          </reporter-output>
        </test-method> <!-- setUp -->
        <test-method is-config="true" signature="productInfoPageSetup()[pri:0, instance:com.qa.opencart.tests.ProductInfoPageTest@5443d039]" started-at="2024-07-17T07:05:24 IST" name="productInfoPageSetup" finished-at="2024-07-17T07:05:26 IST" duration-ms="1423" status="PASS">
          <reporter-output>
          </reporter-output>
        </test-method> <!-- productInfoPageSetup -->
        <test-method signature="productHeaderTest(java.lang.String,java.lang.String)[pri:1, instance:com.qa.opencart.tests.ProductInfoPageTest@5443d039]" started-at="2024-07-17T07:05:26 IST" name="productHeaderTest" data-provider="getProductData" finished-at="2024-07-17T07:05:45 IST" duration-ms="19509" status="PASS">
          <params>
            <param index="0">
              <value>
                <![CDATA[macbook]]>
              </value>
            </param>
            <param index="1">
              <value>
                <![CDATA[MacBook Pro]]>
              </value>
            </param>
          </params>
          <reporter-output>
          </reporter-output>
        </test-method> <!-- productHeaderTest -->
        <test-method signature="productHeaderTest(java.lang.String,java.lang.String)[pri:1, instance:com.qa.opencart.tests.ProductInfoPageTest@5443d039]" started-at="2024-07-17T07:05:45 IST" name="productHeaderTest" data-provider="getProductData" finished-at="2024-07-17T07:05:48 IST" duration-ms="2696" status="PASS">
          <params>
            <param index="0">
              <value>
                <![CDATA[imac]]>
              </value>
            </param>
            <param index="1">
              <value>
                <![CDATA[iMac]]>
              </value>
            </param>
          </params>
          <reporter-output>
          </reporter-output>
        </test-method> <!-- productHeaderTest -->
        <test-method signature="productHeaderTest(java.lang.String,java.lang.String)[pri:1, instance:com.qa.opencart.tests.ProductInfoPageTest@5443d039]" started-at="2024-07-17T07:05:48 IST" name="productHeaderTest" data-provider="getProductData" finished-at="2024-07-17T07:05:51 IST" duration-ms="2773" status="PASS">
          <params>
            <param index="0">
              <value>
                <![CDATA[samsung]]>
              </value>
            </param>
            <param index="1">
              <value>
                <![CDATA[Samsung SyncMaster 941BW]]>
              </value>
            </param>
          </params>
          <reporter-output>
          </reporter-output>
        </test-method> <!-- productHeaderTest -->
        <test-method signature="productHeaderTest(java.lang.String,java.lang.String)[pri:1, instance:com.qa.opencart.tests.ProductInfoPageTest@5443d039]" started-at="2024-07-17T07:05:51 IST" name="productHeaderTest" data-provider="getProductData" finished-at="2024-07-17T07:06:01 IST" duration-ms="10070" status="PASS">
          <params>
            <param index="0">
              <value>
                <![CDATA[samsung]]>
              </value>
            </param>
            <param index="1">
              <value>
                <![CDATA[Samsung Galaxy Tab 10.1]]>
              </value>
            </param>
          </params>
          <reporter-output>
          </reporter-output>
        </test-method> <!-- productHeaderTest -->
        <test-method signature="productHeaderTest(java.lang.String,java.lang.String)[pri:1, instance:com.qa.opencart.tests.ProductInfoPageTest@5443d039]" started-at="2024-07-17T07:06:01 IST" name="productHeaderTest" data-provider="getProductData" finished-at="2024-07-17T07:06:02 IST" duration-ms="1766" status="PASS">
          <params>
            <param index="0">
              <value>
                <![CDATA[canon]]>
              </value>
            </param>
            <param index="1">
              <value>
                <![CDATA[Canon EOS 5D]]>
              </value>
            </param>
          </params>
          <reporter-output>
          </reporter-output>
        </test-method> <!-- productHeaderTest -->
        <test-method signature="productImagesCountTest(java.lang.String,java.lang.String,java.lang.String)[pri:2, instance:com.qa.opencart.tests.ProductInfoPageTest@5443d039]" started-at="2024-07-17T07:06:03 IST" name="productImagesCountTest" data-provider="getProductImageSheetData" finished-at="2024-07-17T07:06:04 IST" duration-ms="1830" status="PASS">
          <params>
            <param index="0">
              <value>
                <![CDATA[macbook]]>
              </value>
            </param>
            <param index="1">
              <value>
                <![CDATA[MacBook Pro]]>
              </value>
            </param>
            <param index="2">
              <value>
                <![CDATA[4]]>
              </value>
            </param>
          </params>
          <reporter-output>
          </reporter-output>
        </test-method> <!-- productImagesCountTest -->
        <test-method signature="productImagesCountTest(java.lang.String,java.lang.String,java.lang.String)[pri:2, instance:com.qa.opencart.tests.ProductInfoPageTest@5443d039]" started-at="2024-07-17T07:06:04 IST" name="productImagesCountTest" data-provider="getProductImageSheetData" finished-at="2024-07-17T07:06:06 IST" duration-ms="1633" status="PASS">
          <params>
            <param index="0">
              <value>
                <![CDATA[imac]]>
              </value>
            </param>
            <param index="1">
              <value>
                <![CDATA[iMac]]>
              </value>
            </param>
            <param index="2">
              <value>
                <![CDATA[3]]>
              </value>
            </param>
          </params>
          <reporter-output>
          </reporter-output>
        </test-method> <!-- productImagesCountTest -->
        <test-method signature="productImagesCountTest(java.lang.String,java.lang.String,java.lang.String)[pri:2, instance:com.qa.opencart.tests.ProductInfoPageTest@5443d039]" started-at="2024-07-17T07:06:06 IST" name="productImagesCountTest" data-provider="getProductImageSheetData" finished-at="2024-07-17T07:06:08 IST" duration-ms="1438" status="PASS">
          <params>
            <param index="0">
              <value>
                <![CDATA[samsung]]>
              </value>
            </param>
            <param index="1">
              <value>
                <![CDATA[Samsung SyncMaster 941BW]]>
              </value>
            </param>
            <param index="2">
              <value>
                <![CDATA[1]]>
              </value>
            </param>
          </params>
          <reporter-output>
          </reporter-output>
        </test-method> <!-- productImagesCountTest -->
        <test-method signature="productImagesCountTest(java.lang.String,java.lang.String,java.lang.String)[pri:2, instance:com.qa.opencart.tests.ProductInfoPageTest@5443d039]" started-at="2024-07-17T07:06:08 IST" name="productImagesCountTest" data-provider="getProductImageSheetData" finished-at="2024-07-17T07:06:09 IST" duration-ms="1535" status="PASS">
          <params>
            <param index="0">
              <value>
                <![CDATA[samsung]]>
              </value>
            </param>
            <param index="1">
              <value>
                <![CDATA[Samsung Galaxy Tab 10.1]]>
              </value>
            </param>
            <param index="2">
              <value>
                <![CDATA[7]]>
              </value>
            </param>
          </params>
          <reporter-output>
          </reporter-output>
        </test-method> <!-- productImagesCountTest -->
        <test-method signature="productImagesCountTest(java.lang.String,java.lang.String,java.lang.String)[pri:2, instance:com.qa.opencart.tests.ProductInfoPageTest@5443d039]" started-at="2024-07-17T07:06:09 IST" name="productImagesCountTest" data-provider="getProductImageSheetData" finished-at="2024-07-17T07:06:11 IST" duration-ms="1511" status="PASS">
          <params>
            <param index="0">
              <value>
                <![CDATA[canon]]>
              </value>
            </param>
            <param index="1">
              <value>
                <![CDATA[Canon EOS 5D]]>
              </value>
            </param>
            <param index="2">
              <value>
                <![CDATA[3]]>
              </value>
            </param>
          </params>
          <reporter-output>
          </reporter-output>
        </test-method> <!-- productImagesCountTest -->
        <test-method signature="productInfoTest()[pri:3, instance:com.qa.opencart.tests.ProductInfoPageTest@5443d039]" started-at="2024-07-17T07:06:11 IST" name="productInfoTest" finished-at="2024-07-17T07:06:13 IST" duration-ms="2157" status="PASS">
          <reporter-output>
          </reporter-output>
        </test-method> <!-- productInfoTest -->
        <test-method is-config="true" signature="tearDown()[pri:0, instance:com.qa.opencart.tests.ProductInfoPageTest@5443d039]" started-at="2024-07-17T07:06:13 IST" name="tearDown" finished-at="2024-07-17T07:06:13 IST" duration-ms="640" status="PASS">
          <reporter-output>
          </reporter-output>
        </test-method> <!-- tearDown -->
      </class> <!-- com.qa.opencart.tests.ProductInfoPageTest -->
    </test> <!-- ProductInfo Page Test -->
  </suite> <!-- Opencart App Test Regression Suite -->
</testng-results>
